2025-12-05 19:11:56,789 [Worker-7: Loading available Gradle versions] INFO  o.e.b.c.i.u.g.PublishedGradleVersions - Gradle version information cache is not available. Remote download required.
2025-12-05 19:12:32,837 [Worker-10: Importing Maven projects] INFO  o.e.m.c.i.l.LifecycleMappingFactory - Using org.eclipse.m2e.jdt.JarLifecycleMapping lifecycle mapping for MavenProject: com.banking:system1:0.0.1-SNAPSHOT @ D:\PayTabs_Assignment_BANK_POC\system1\pom.xml.
2025-12-05 19:12:33,775 [Worker-10: Importing Maven projects] INFO  o.e.m.c.i.l.LifecycleMappingFactory - Using org.eclipse.m2e.jdt.JarLifecycleMapping lifecycle mapping for MavenProject: com.banking:system2:0.0.1-SNAPSHOT @ D:\PayTabs_Assignment_BANK_POC\system2\pom.xml.
2025-12-05 19:12:38,487 [Worker-10: Importing Maven projects] INFO  o.e.m.j.i.AbstractJavaProjectConfigurator - Adding source folder /system2/src/main/java
2025-12-05 19:12:38,491 [Worker-10: Importing Maven projects] INFO  o.e.m.j.i.AbstractJavaProjectConfigurator - Adding resource folder /system2/src/main/resources
2025-12-05 19:12:38,524 [Worker-10: Importing Maven projects] INFO  o.e.m.j.i.AbstractJavaProjectConfigurator - Adding resource folder /system2/src/main/resources
2025-12-05 19:12:38,527 [Worker-10: Importing Maven projects] INFO  o.e.m.j.i.AbstractJavaProjectConfigurator - Adding source folder /system2/src/test/java
2025-12-05 19:12:38,529 [Worker-10: Importing Maven projects] INFO  o.e.m.j.i.AbstractJavaProjectConfigurator - Adding resource folder /system2/src/test/resources
2025-12-05 19:12:43,057 [Worker-10: Importing Maven projects] INFO  o.e.m.j.i.AbstractJavaProjectConfigurator - Adding source folder /system1/src/main/java
2025-12-05 19:12:43,060 [Worker-10: Importing Maven projects] INFO  o.e.m.j.i.AbstractJavaProjectConfigurator - Adding resource folder /system1/src/main/resources
2025-12-05 19:12:43,088 [Worker-10: Importing Maven projects] INFO  o.e.m.j.i.AbstractJavaProjectConfigurator - Adding resource folder /system1/src/main/resources
2025-12-05 19:12:43,092 [Worker-10: Importing Maven projects] INFO  o.e.m.j.i.AbstractJavaProjectConfigurator - Adding source folder /system1/src/test/java
2025-12-05 19:12:43,097 [Worker-10: Importing Maven projects] INFO  o.e.m.j.i.AbstractJavaProjectConfigurator - Adding resource folder /system1/src/test/resources
2025-12-05 19:12:44,133 [Worker-10: Importing Maven projects] INFO  o.e.m.c.i.p.ProjectConfigurationManager - Imported and configured 2 project(s) in 16 sec
2025-12-05 19:12:44,577 [Worker-7: Updating Maven Project] INFO  o.e.m.c.i.p.ProjectConfigurationManager - Update started
2025-12-05 19:12:47,725 [Worker-7: Updating Maven Project] INFO  o.e.m.c.i.l.LifecycleMappingFactory - Using org.eclipse.m2e.jdt.JarLifecycleMapping lifecycle mapping for MavenProject: com.banking:system1:0.0.1-SNAPSHOT @ D:\PayTabs_Assignment_BANK_POC\system1\pom.xml.
2025-12-05 19:12:48,838 [Worker-7: Updating Maven Project] INFO  o.e.m.c.i.l.LifecycleMappingFactory - Using org.eclipse.m2e.jdt.JarLifecycleMapping lifecycle mapping for MavenProject: com.banking:system2:0.0.1-SNAPSHOT @ D:\PayTabs_Assignment_BANK_POC\system2\pom.xml.
2025-12-05 19:12:52,663 [Worker-7: Updating Maven Project] INFO  o.e.m.j.i.AbstractJavaProjectConfigurator - Adding source folder /system1/src/main/java
2025-12-05 19:12:52,667 [Worker-7: Updating Maven Project] INFO  o.e.m.j.i.AbstractJavaProjectConfigurator - Adding resource folder /system1/src/main/resources
2025-12-05 19:12:52,671 [Worker-7: Updating Maven Project] INFO  o.e.m.j.i.AbstractJavaProjectConfigurator - Adding resource folder /system1/src/main/resources
2025-12-05 19:12:52,672 [Worker-7: Updating Maven Project] INFO  o.e.m.j.i.AbstractJavaProjectConfigurator - Adding source folder /system1/src/test/java
2025-12-05 19:12:52,678 [Worker-7: Updating Maven Project] INFO  o.e.m.j.i.AbstractJavaProjectConfigurator - Adding resource folder /system1/src/test/resources
2025-12-05 19:12:54,173 [Worker-7: Updating Maven Project] INFO  o.e.m.j.i.AbstractJavaProjectConfigurator - Adding source folder /system2/src/main/java
2025-12-05 19:12:54,178 [Worker-7: Updating Maven Project] INFO  o.e.m.j.i.AbstractJavaProjectConfigurator - Adding resource folder /system2/src/main/resources
2025-12-05 19:12:54,182 [Worker-7: Updating Maven Project] INFO  o.e.m.j.i.AbstractJavaProjectConfigurator - Adding resource folder /system2/src/main/resources
2025-12-05 19:12:54,183 [Worker-7: Updating Maven Project] INFO  o.e.m.j.i.AbstractJavaProjectConfigurator - Adding source folder /system2/src/test/java
2025-12-05 19:12:54,191 [Worker-7: Updating Maven Project] INFO  o.e.m.j.i.AbstractJavaProjectConfigurator - Adding resource folder /system2/src/test/resources
2025-12-05 19:12:56,958 [Worker-7: Updating Maven Project] INFO  o.e.m.c.i.p.ProjectConfigurationManager - Update completed for 2 poms: local refresh takes 0.00 sec, refresh facades takes 7.00 sec, update config takes 4.00 sec 
2025-12-05 19:13:00,798 [Worker-11: Building] INFO  o.a.m.s.f.DefaultMavenResourcesFiltering - Copying 1 resource from src\main\resources to target\classes
2025-12-05 19:13:01,015 [Worker-11: Building] INFO  o.a.m.s.f.DefaultMavenResourcesFiltering - Copying 0 resource from src\main\resources to target\classes
2025-12-05 19:13:01,032 [Worker-11: Building] INFO  o.a.m.s.f.DefaultMavenResourcesFiltering - skip non existing resourceDirectory D:\PayTabs_Assignment_BANK_POC\system1\src\test\resources
2025-12-05 19:13:06,005 [Worker-11: Building] INFO  o.a.m.s.f.DefaultMavenResourcesFiltering - Copying 1 resource from src\main\resources to target\classes
2025-12-05 19:13:06,040 [Worker-11: Building] INFO  o.a.m.s.f.DefaultMavenResourcesFiltering - Copying 0 resource from src\main\resources to target\classes
2025-12-05 19:13:06,056 [Worker-11: Building] INFO  o.a.m.s.f.DefaultMavenResourcesFiltering - skip non existing resourceDirectory D:\PayTabs_Assignment_BANK_POC\system2\src\test\resources
2025-12-05 19:13:59,424 [Worker-13: Updating Maven Project] INFO  o.e.m.c.i.p.ProjectConfigurationManager - Update started
2025-12-05 19:14:01,442 [Worker-13: Updating Maven Project] INFO  o.e.m.c.i.l.LifecycleMappingFactory - Using org.eclipse.m2e.jdt.JarLifecycleMapping lifecycle mapping for MavenProject: com.banking:system1:0.0.1-SNAPSHOT @ D:\PayTabs_Assignment_BANK_POC\system1\pom.xml.
2025-12-05 19:14:02,243 [Worker-13: Updating Maven Project] INFO  o.e.m.c.i.l.LifecycleMappingFactory - Using org.eclipse.m2e.jdt.JarLifecycleMapping lifecycle mapping for MavenProject: com.banking:system2:0.0.1-SNAPSHOT @ D:\PayTabs_Assignment_BANK_POC\system2\pom.xml.
2025-12-05 19:14:03,903 [Worker-13: Updating Maven Project] INFO  o.e.m.j.i.AbstractJavaProjectConfigurator - Adding source folder /system1/src/main/java
2025-12-05 19:14:03,905 [Worker-13: Updating Maven Project] INFO  o.e.m.j.i.AbstractJavaProjectConfigurator - Adding resource folder /system1/src/main/resources
2025-12-05 19:14:03,906 [Worker-13: Updating Maven Project] INFO  o.e.m.j.i.AbstractJavaProjectConfigurator - Adding resource folder /system1/src/main/resources
2025-12-05 19:14:03,907 [Worker-13: Updating Maven Project] INFO  o.e.m.j.i.AbstractJavaProjectConfigurator - Adding source folder /system1/src/test/java
2025-12-05 19:14:03,909 [Worker-13: Updating Maven Project] INFO  o.e.m.j.i.AbstractJavaProjectConfigurator - Adding resource folder /system1/src/test/resources
2025-12-05 19:14:04,409 [Worker-13: Updating Maven Project] INFO  o.e.m.j.i.AbstractJavaProjectConfigurator - Adding source folder /system2/src/main/java
2025-12-05 19:14:04,410 [Worker-13: Updating Maven Project] INFO  o.e.m.j.i.AbstractJavaProjectConfigurator - Adding resource folder /system2/src/main/resources
2025-12-05 19:14:04,411 [Worker-13: Updating Maven Project] INFO  o.e.m.j.i.AbstractJavaProjectConfigurator - Adding resource folder /system2/src/main/resources
2025-12-05 19:14:04,412 [Worker-13: Updating Maven Project] INFO  o.e.m.j.i.AbstractJavaProjectConfigurator - Adding source folder /system2/src/test/java
2025-12-05 19:14:04,413 [Worker-13: Updating Maven Project] INFO  o.e.m.j.i.AbstractJavaProjectConfigurator - Adding resource folder /system2/src/test/resources
2025-12-05 19:14:05,167 [Worker-13: Updating Maven Project] INFO  o.e.m.c.i.p.ProjectConfigurationManager - Update completed for 2 poms: local refresh takes 0.00 sec, refresh facades takes 4.00 sec, update config takes 1.00 sec 
2025-12-05 19:14:05,485 [Worker-22: Building] INFO  o.a.m.s.f.DefaultMavenResourcesFiltering - Copying 1 resource from src\main\resources to target\classes
2025-12-05 19:14:05,521 [Worker-22: Building] INFO  o.a.m.s.f.DefaultMavenResourcesFiltering - Copying 0 resource from src\main\resources to target\classes
2025-12-05 19:14:05,531 [Worker-22: Building] INFO  o.a.m.s.f.DefaultMavenResourcesFiltering - skip non existing resourceDirectory D:\PayTabs_Assignment_BANK_POC\system1\src\test\resources
2025-12-05 19:14:06,530 [Worker-22: Building] INFO  o.a.m.s.f.DefaultMavenResourcesFiltering - Copying 1 resource from src\main\resources to target\classes
2025-12-05 19:14:06,541 [Worker-22: Building] INFO  o.a.m.s.f.DefaultMavenResourcesFiltering - Copying 0 resource from src\main\resources to target\classes
2025-12-05 19:14:06,547 [Worker-22: Building] INFO  o.a.m.s.f.DefaultMavenResourcesFiltering - skip non existing resourceDirectory D:\PayTabs_Assignment_BANK_POC\system2\src\test\resources
2025-12-05 19:14:14,361 [main] INFO  o.e.m2e.actions.ExecutePomAction - Creating new launch configuration
2025-12-05 19:14:23,868 [Worker-15: Launching system1] INFO  o.eclipse.m2e.core.internal.Bundles - getClasspathEntries(Bundle=org.eclipse.m2e.maven.runtime_3.9.900.20240824-1409 [641])
2025-12-05 19:14:23,873 [Worker-15: Launching system1] INFO  o.eclipse.m2e.core.internal.Bundles - 	Entry: D:\Software\eclipse\plugins\org.eclipse.m2e.maven.runtime_3.9.900.20240824-1409
2025-12-05 19:14:23,873 [Worker-15: Launching system1] INFO  o.eclipse.m2e.core.internal.Bundles - 	Entry: D:\Software\eclipse\plugins\org.eclipse.m2e.maven.runtime_3.9.900.20240824-1409\jars\aopalliance-1.0.jar
2025-12-05 19:14:23,874 [Worker-15: Launching system1] INFO  o.eclipse.m2e.core.internal.Bundles - 	Entry: D:\Software\eclipse\plugins\org.eclipse.m2e.maven.runtime_3.9.900.20240824-1409\jars\guice-5.1.0.jar
2025-12-05 19:14:23,874 [Worker-15: Launching system1] INFO  o.eclipse.m2e.core.internal.Bundles - 	Entry: D:\Software\eclipse\plugins\org.eclipse.m2e.maven.runtime_3.9.900.20240824-1409\jars\httpclient-4.5.14.jar
2025-12-05 19:14:23,874 [Worker-15: Launching system1] INFO  o.eclipse.m2e.core.internal.Bundles - 	Entry: D:\Software\eclipse\plugins\org.eclipse.m2e.maven.runtime_3.9.900.20240824-1409\jars\httpcore-4.4.16.jar
2025-12-05 19:14:23,874 [Worker-15: Launching system1] INFO  o.eclipse.m2e.core.internal.Bundles - 	Entry: D:\Software\eclipse\plugins\org.eclipse.m2e.maven.runtime_3.9.900.20240824-1409\jars\jansi-2.4.1.jar
2025-12-05 19:14:23,874 [Worker-15: Launching system1] INFO  o.eclipse.m2e.core.internal.Bundles - 	Entry: D:\Software\eclipse\plugins\org.eclipse.m2e.maven.runtime_3.9.900.20240824-1409\jars\jcl-over-slf4j-1.7.36.jar
2025-12-05 19:14:23,875 [Worker-15: Launching system1] INFO  o.eclipse.m2e.core.internal.Bundles - 	Entry: D:\Software\eclipse\plugins\org.eclipse.m2e.maven.runtime_3.9.900.20240824-1409\jars\maven-artifact-3.9.9.jar
2025-12-05 19:14:23,875 [Worker-15: Launching system1] INFO  o.eclipse.m2e.core.internal.Bundles - 	Entry: D:\Software\eclipse\plugins\org.eclipse.m2e.maven.runtime_3.9.900.20240824-1409\jars\maven-builder-support-3.9.9.jar
2025-12-05 19:14:23,875 [Worker-15: Launching system1] INFO  o.eclipse.m2e.core.internal.Bundles - 	Entry: D:\Software\eclipse\plugins\org.eclipse.m2e.maven.runtime_3.9.900.20240824-1409\jars\maven-compat-3.9.9.jar
2025-12-05 19:14:23,875 [Worker-15: Launching system1] INFO  o.eclipse.m2e.core.internal.Bundles - 	Entry: D:\Software\eclipse\plugins\org.eclipse.m2e.maven.runtime_3.9.900.20240824-1409\jars\maven-core-3.9.9.jar
2025-12-05 19:14:23,875 [Worker-15: Launching system1] INFO  o.eclipse.m2e.core.internal.Bundles - 	Entry: D:\Software\eclipse\plugins\org.eclipse.m2e.maven.runtime_3.9.900.20240824-1409\jars\maven-embedder-3.9.9.jar
2025-12-05 19:14:23,875 [Worker-15: Launching system1] INFO  o.eclipse.m2e.core.internal.Bundles - 	Entry: D:\Software\eclipse\plugins\org.eclipse.m2e.maven.runtime_3.9.900.20240824-1409\jars\maven-model-3.9.9.jar
2025-12-05 19:14:23,875 [Worker-15: Launching system1] INFO  o.eclipse.m2e.core.internal.Bundles - 	Entry: D:\Software\eclipse\plugins\org.eclipse.m2e.maven.runtime_3.9.900.20240824-1409\jars\maven-model-builder-3.9.9.jar
2025-12-05 19:14:23,876 [Worker-15: Launching system1] INFO  o.eclipse.m2e.core.internal.Bundles - 	Entry: D:\Software\eclipse\plugins\org.eclipse.m2e.maven.runtime_3.9.900.20240824-1409\jars\maven-plugin-api-3.9.9.jar
2025-12-05 19:14:23,876 [Worker-15: Launching system1] INFO  o.eclipse.m2e.core.internal.Bundles - 	Entry: D:\Software\eclipse\plugins\org.eclipse.m2e.maven.runtime_3.9.900.20240824-1409\jars\maven-repository-metadata-3.9.9.jar
2025-12-05 19:14:23,876 [Worker-15: Launching system1] INFO  o.eclipse.m2e.core.internal.Bundles - 	Entry: D:\Software\eclipse\plugins\org.eclipse.m2e.maven.runtime_3.9.900.20240824-1409\jars\maven-resolver-api-1.9.22.jar
2025-12-05 19:14:23,876 [Worker-15: Launching system1] INFO  o.eclipse.m2e.core.internal.Bundles - 	Entry: D:\Software\eclipse\plugins\org.eclipse.m2e.maven.runtime_3.9.900.20240824-1409\jars\maven-resolver-connector-basic-1.9.22.jar
2025-12-05 19:14:23,876 [Worker-15: Launching system1] INFO  o.eclipse.m2e.core.internal.Bundles - 	Entry: D:\Software\eclipse\plugins\org.eclipse.m2e.maven.runtime_3.9.900.20240824-1409\jars\maven-resolver-impl-1.9.22.jar
2025-12-05 19:14:23,876 [Worker-15: Launching system1] INFO  o.eclipse.m2e.core.internal.Bundles - 	Entry: D:\Software\eclipse\plugins\org.eclipse.m2e.maven.runtime_3.9.900.20240824-1409\jars\maven-resolver-named-locks-1.9.22.jar
2025-12-05 19:14:23,876 [Worker-15: Launching system1] INFO  o.eclipse.m2e.core.internal.Bundles - 	Entry: D:\Software\eclipse\plugins\org.eclipse.m2e.maven.runtime_3.9.900.20240824-1409\jars\maven-resolver-provider-3.9.9.jar
2025-12-05 19:14:23,876 [Worker-15: Launching system1] INFO  o.eclipse.m2e.core.internal.Bundles - 	Entry: D:\Software\eclipse\plugins\org.eclipse.m2e.maven.runtime_3.9.900.20240824-1409\jars\maven-resolver-spi-1.9.22.jar
2025-12-05 19:14:23,877 [Worker-15: Launching system1] INFO  o.eclipse.m2e.core.internal.Bundles - 	Entry: D:\Software\eclipse\plugins\org.eclipse.m2e.maven.runtime_3.9.900.20240824-1409\jars\maven-resolver-transport-file-1.9.22.jar
2025-12-05 19:14:23,877 [Worker-15: Launching system1] INFO  o.eclipse.m2e.core.internal.Bundles - 	Entry: D:\Software\eclipse\plugins\org.eclipse.m2e.maven.runtime_3.9.900.20240824-1409\jars\maven-resolver-transport-http-1.9.22.jar
2025-12-05 19:14:23,877 [Worker-15: Launching system1] INFO  o.eclipse.m2e.core.internal.Bundles - 	Entry: D:\Software\eclipse\plugins\org.eclipse.m2e.maven.runtime_3.9.900.20240824-1409\jars\maven-resolver-transport-wagon-1.9.22.jar
2025-12-05 19:14:23,877 [Worker-15: Launching system1] INFO  o.eclipse.m2e.core.internal.Bundles - 	Entry: D:\Software\eclipse\plugins\org.eclipse.m2e.maven.runtime_3.9.900.20240824-1409\jars\maven-resolver-util-1.9.22.jar
2025-12-05 19:14:23,877 [Worker-15: Launching system1] INFO  o.eclipse.m2e.core.internal.Bundles - 	Entry: D:\Software\eclipse\plugins\org.eclipse.m2e.maven.runtime_3.9.900.20240824-1409\jars\maven-settings-3.9.9.jar
2025-12-05 19:14:23,877 [Worker-15: Launching system1] INFO  o.eclipse.m2e.core.internal.Bundles - 	Entry: D:\Software\eclipse\plugins\org.eclipse.m2e.maven.runtime_3.9.900.20240824-1409\jars\maven-settings-builder-3.9.9.jar
2025-12-05 19:14:23,878 [Worker-15: Launching system1] INFO  o.eclipse.m2e.core.internal.Bundles - 	Entry: D:\Software\eclipse\plugins\org.eclipse.m2e.maven.runtime_3.9.900.20240824-1409\jars\maven-shared-utils-3.4.2.jar
2025-12-05 19:14:23,878 [Worker-15: Launching system1] INFO  o.eclipse.m2e.core.internal.Bundles - 	Entry: D:\Software\eclipse\plugins\org.eclipse.m2e.maven.runtime_3.9.900.20240824-1409\jars\org.eclipse.sisu.inject-0.9.0.M3.jar
2025-12-05 19:14:23,878 [Worker-15: Launching system1] INFO  o.eclipse.m2e.core.internal.Bundles - 	Entry: D:\Software\eclipse\plugins\org.eclipse.m2e.maven.runtime_3.9.900.20240824-1409\jars\org.eclipse.sisu.plexus-0.9.0.M3.jar
2025-12-05 19:14:23,878 [Worker-15: Launching system1] INFO  o.eclipse.m2e.core.internal.Bundles - 	Entry: D:\Software\eclipse\plugins\org.eclipse.m2e.maven.runtime_3.9.900.20240824-1409\jars\plexus-build-api-0.0.7.jar
2025-12-05 19:14:23,878 [Worker-15: Launching system1] INFO  o.eclipse.m2e.core.internal.Bundles - 	Entry: D:\Software\eclipse\plugins\org.eclipse.m2e.maven.runtime_3.9.900.20240824-1409\jars\plexus-build-api-1.2.0.jar
2025-12-05 19:14:23,878 [Worker-15: Launching system1] INFO  o.eclipse.m2e.core.internal.Bundles - 	Entry: D:\Software\eclipse\plugins\org.eclipse.m2e.maven.runtime_3.9.900.20240824-1409\jars\plexus-cipher-2.0.jar
2025-12-05 19:14:23,878 [Worker-15: Launching system1] INFO  o.eclipse.m2e.core.internal.Bundles - 	Entry: D:\Software\eclipse\plugins\org.eclipse.m2e.maven.runtime_3.9.900.20240824-1409\jars\plexus-classworlds-2.8.0.jar
2025-12-05 19:14:23,878 [Worker-15: Launching system1] INFO  o.eclipse.m2e.core.internal.Bundles - 	Entry: D:\Software\eclipse\plugins\org.eclipse.m2e.maven.runtime_3.9.900.20240824-1409\jars\plexus-component-annotations-2.1.0.jar
2025-12-05 19:14:23,878 [Worker-15: Launching system1] INFO  o.eclipse.m2e.core.internal.Bundles - 	Entry: D:\Software\eclipse\plugins\org.eclipse.m2e.maven.runtime_3.9.900.20240824-1409\jars\plexus-interpolation-1.27.jar
2025-12-05 19:14:23,880 [Worker-15: Launching system1] INFO  o.eclipse.m2e.core.internal.Bundles - 	Entry: D:\Software\eclipse\plugins\org.eclipse.m2e.maven.runtime_3.9.900.20240824-1409\jars\plexus-sec-dispatcher-2.0.jar
2025-12-05 19:14:23,880 [Worker-15: Launching system1] INFO  o.eclipse.m2e.core.internal.Bundles - 	Entry: D:\Software\eclipse\plugins\org.eclipse.m2e.maven.runtime_3.9.900.20240824-1409\jars\plexus-utils-3.5.1.jar
2025-12-05 19:14:23,880 [Worker-15: Launching system1] INFO  o.eclipse.m2e.core.internal.Bundles - 	Entry: D:\Software\eclipse\plugins\org.eclipse.m2e.maven.runtime_3.9.900.20240824-1409\jars\plexus-xml-3.0.1.jar
2025-12-05 19:14:23,880 [Worker-15: Launching system1] INFO  o.eclipse.m2e.core.internal.Bundles - 	Entry: D:\Software\eclipse\plugins\org.eclipse.m2e.maven.runtime_3.9.900.20240824-1409\jars\wagon-file-3.5.3.jar
2025-12-05 19:14:23,880 [Worker-15: Launching system1] INFO  o.eclipse.m2e.core.internal.Bundles - 	Entry: D:\Software\eclipse\plugins\org.eclipse.m2e.maven.runtime_3.9.900.20240824-1409\jars\wagon-http-3.5.3.jar
2025-12-05 19:14:23,880 [Worker-15: Launching system1] INFO  o.eclipse.m2e.core.internal.Bundles - 	Entry: D:\Software\eclipse\plugins\org.eclipse.m2e.maven.runtime_3.9.900.20240824-1409\jars\wagon-http-shared-3.5.3.jar
2025-12-05 19:14:23,880 [Worker-15: Launching system1] INFO  o.eclipse.m2e.core.internal.Bundles - 	Entry: D:\Software\eclipse\plugins\org.eclipse.m2e.maven.runtime_3.9.900.20240824-1409\jars\wagon-provider-api-3.5.3.jar
2025-12-05 19:14:23,883 [Worker-15: Launching system1] INFO  o.eclipse.m2e.core.internal.Bundles - getClasspathEntries(Bundle=com.google.guava_33.4.8.jre [1030])
2025-12-05 19:14:23,884 [Worker-15: Launching system1] INFO  o.eclipse.m2e.core.internal.Bundles - 	Entry: D:\Software\eclipse\plugins\com.google.guava_33.4.8.jre.jar
2025-12-05 19:14:23,884 [Worker-15: Launching system1] INFO  o.eclipse.m2e.core.internal.Bundles - getClasspathEntries(Bundle=slf4j.api_2.0.17 [1145])
2025-12-05 19:14:23,885 [Worker-15: Launching system1] INFO  o.eclipse.m2e.core.internal.Bundles - 	Entry: D:\Software\eclipse\plugins\slf4j.api_2.0.17.jar
2025-12-05 19:14:23,885 [Worker-15: Launching system1] INFO  o.eclipse.m2e.core.internal.Bundles - getClasspathEntries(Bundle=javax.inject_1.0.0.v20091030 [1039])
2025-12-05 19:14:23,886 [Worker-15: Launching system1] INFO  o.eclipse.m2e.core.internal.Bundles - 	Entry: D:\Software\eclipse\plugins\javax.inject_1.0.0.v20091030.jar
2025-12-05 19:14:23,886 [Worker-15: Launching system1] INFO  o.eclipse.m2e.core.internal.Bundles - getClasspathEntries(Bundle=javax.annotation_1.3.5.v20200909-1856 [1038])
2025-12-05 19:14:23,886 [Worker-15: Launching system1] INFO  o.eclipse.m2e.core.internal.Bundles - 	Entry: D:\Software\eclipse\plugins\javax.annotation_1.3.5.v20200909-1856.jar
2025-12-05 19:14:23,888 [Worker-15: Launching system1] INFO  o.eclipse.m2e.core.internal.Bundles - getClasspathEntries(Bundle=org.apache.commons.cli_1.10.0 [1047])
2025-12-05 19:14:23,888 [Worker-15: Launching system1] INFO  o.eclipse.m2e.core.internal.Bundles - 	Entry: D:\Software\eclipse\plugins\org.apache.commons.cli_1.10.0.jar
2025-12-05 19:14:23,888 [Worker-15: Launching system1] INFO  o.eclipse.m2e.core.internal.Bundles - getClasspathEntries(Bundle=org.apache.commons.commons-codec_1.16.0 [78])
2025-12-05 19:14:23,889 [Worker-15: Launching system1] INFO  o.eclipse.m2e.core.internal.Bundles - 	Entry: D:\Software\eclipse\plugins\org.apache.commons.commons-codec_1.16.0.jar
2025-12-05 19:14:23,889 [Worker-15: Launching system1] INFO  o.eclipse.m2e.core.internal.Bundles - getClasspathEntries(Bundle=com.google.guava.failureaccess_1.0.3 [1031])
2025-12-05 19:14:23,889 [Worker-15: Launching system1] INFO  o.eclipse.m2e.core.internal.Bundles - 	Entry: D:\Software\eclipse\plugins\com.google.guava.failureaccess_1.0.3.jar
2025-12-05 19:14:23,894 [Worker-15: Launching system1] INFO  o.e.m.i.launch.MavenLaunchDelegate - Run build in "D:\PayTabs_Assignment_BANK_POC\system1":
2025-12-05 19:14:23,903 [Worker-15: Launching system1] INFO  o.e.m.i.launch.MavenLaunchDelegate -  mvn  -B -Dstyle.color=always clean install
2025-12-05 19:14:57,593 [main] INFO  o.e.m2e.actions.ExecutePomAction - Creating new launch configuration
2025-12-05 19:15:06,505 [Worker-12: Launching system2] INFO  o.eclipse.m2e.core.internal.Bundles - getClasspathEntries(Bundle=org.eclipse.m2e.maven.runtime_3.9.900.20240824-1409 [641])
2025-12-05 19:15:06,506 [Worker-12: Launching system2] INFO  o.eclipse.m2e.core.internal.Bundles - 	Entry: D:\Software\eclipse\plugins\org.eclipse.m2e.maven.runtime_3.9.900.20240824-1409
2025-12-05 19:15:06,506 [Worker-12: Launching system2] INFO  o.eclipse.m2e.core.internal.Bundles - 	Entry: D:\Software\eclipse\plugins\org.eclipse.m2e.maven.runtime_3.9.900.20240824-1409\jars\aopalliance-1.0.jar
2025-12-05 19:15:06,507 [Worker-12: Launching system2] INFO  o.eclipse.m2e.core.internal.Bundles - 	Entry: D:\Software\eclipse\plugins\org.eclipse.m2e.maven.runtime_3.9.900.20240824-1409\jars\guice-5.1.0.jar
2025-12-05 19:15:06,507 [Worker-12: Launching system2] INFO  o.eclipse.m2e.core.internal.Bundles - 	Entry: D:\Software\eclipse\plugins\org.eclipse.m2e.maven.runtime_3.9.900.20240824-1409\jars\httpclient-4.5.14.jar
2025-12-05 19:15:06,507 [Worker-12: Launching system2] INFO  o.eclipse.m2e.core.internal.Bundles - 	Entry: D:\Software\eclipse\plugins\org.eclipse.m2e.maven.runtime_3.9.900.20240824-1409\jars\httpcore-4.4.16.jar
2025-12-05 19:15:06,507 [Worker-12: Launching system2] INFO  o.eclipse.m2e.core.internal.Bundles - 	Entry: D:\Software\eclipse\plugins\org.eclipse.m2e.maven.runtime_3.9.900.20240824-1409\jars\jansi-2.4.1.jar
2025-12-05 19:15:06,507 [Worker-12: Launching system2] INFO  o.eclipse.m2e.core.internal.Bundles - 	Entry: D:\Software\eclipse\plugins\org.eclipse.m2e.maven.runtime_3.9.900.20240824-1409\jars\jcl-over-slf4j-1.7.36.jar
2025-12-05 19:15:06,509 [Worker-12: Launching system2] INFO  o.eclipse.m2e.core.internal.Bundles - 	Entry: D:\Software\eclipse\plugins\org.eclipse.m2e.maven.runtime_3.9.900.20240824-1409\jars\maven-artifact-3.9.9.jar
2025-12-05 19:15:06,509 [Worker-12: Launching system2] INFO  o.eclipse.m2e.core.internal.Bundles - 	Entry: D:\Software\eclipse\plugins\org.eclipse.m2e.maven.runtime_3.9.900.20240824-1409\jars\maven-builder-support-3.9.9.jar
2025-12-05 19:15:06,509 [Worker-12: Launching system2] INFO  o.eclipse.m2e.core.internal.Bundles - 	Entry: D:\Software\eclipse\plugins\org.eclipse.m2e.maven.runtime_3.9.900.20240824-1409\jars\maven-compat-3.9.9.jar
2025-12-05 19:15:06,510 [Worker-12: Launching system2] INFO  o.eclipse.m2e.core.internal.Bundles - 	Entry: D:\Software\eclipse\plugins\org.eclipse.m2e.maven.runtime_3.9.900.20240824-1409\jars\maven-core-3.9.9.jar
2025-12-05 19:15:06,510 [Worker-12: Launching system2] INFO  o.eclipse.m2e.core.internal.Bundles - 	Entry: D:\Software\eclipse\plugins\org.eclipse.m2e.maven.runtime_3.9.900.20240824-1409\jars\maven-embedder-3.9.9.jar
2025-12-05 19:15:06,510 [Worker-12: Launching system2] INFO  o.eclipse.m2e.core.internal.Bundles - 	Entry: D:\Software\eclipse\plugins\org.eclipse.m2e.maven.runtime_3.9.900.20240824-1409\jars\maven-model-3.9.9.jar
2025-12-05 19:15:06,510 [Worker-12: Launching system2] INFO  o.eclipse.m2e.core.internal.Bundles - 	Entry: D:\Software\eclipse\plugins\org.eclipse.m2e.maven.runtime_3.9.900.20240824-1409\jars\maven-model-builder-3.9.9.jar
2025-12-05 19:15:06,511 [Worker-12: Launching system2] INFO  o.eclipse.m2e.core.internal.Bundles - 	Entry: D:\Software\eclipse\plugins\org.eclipse.m2e.maven.runtime_3.9.900.20240824-1409\jars\maven-plugin-api-3.9.9.jar
2025-12-05 19:15:06,511 [Worker-12: Launching system2] INFO  o.eclipse.m2e.core.internal.Bundles - 	Entry: D:\Software\eclipse\plugins\org.eclipse.m2e.maven.runtime_3.9.900.20240824-1409\jars\maven-repository-metadata-3.9.9.jar
2025-12-05 19:15:06,511 [Worker-12: Launching system2] INFO  o.eclipse.m2e.core.internal.Bundles - 	Entry: D:\Software\eclipse\plugins\org.eclipse.m2e.maven.runtime_3.9.900.20240824-1409\jars\maven-resolver-api-1.9.22.jar
2025-12-05 19:15:06,512 [Worker-12: Launching system2] INFO  o.eclipse.m2e.core.internal.Bundles - 	Entry: D:\Software\eclipse\plugins\org.eclipse.m2e.maven.runtime_3.9.900.20240824-1409\jars\maven-resolver-connector-basic-1.9.22.jar
2025-12-05 19:15:06,512 [Worker-12: Launching system2] INFO  o.eclipse.m2e.core.internal.Bundles - 	Entry: D:\Software\eclipse\plugins\org.eclipse.m2e.maven.runtime_3.9.900.20240824-1409\jars\maven-resolver-impl-1.9.22.jar
2025-12-05 19:15:06,512 [Worker-12: Launching system2] INFO  o.eclipse.m2e.core.internal.Bundles - 	Entry: D:\Software\eclipse\plugins\org.eclipse.m2e.maven.runtime_3.9.900.20240824-1409\jars\maven-resolver-named-locks-1.9.22.jar
2025-12-05 19:15:06,512 [Worker-12: Launching system2] INFO  o.eclipse.m2e.core.internal.Bundles - 	Entry: D:\Software\eclipse\plugins\org.eclipse.m2e.maven.runtime_3.9.900.20240824-1409\jars\maven-resolver-provider-3.9.9.jar
2025-12-05 19:15:06,512 [Worker-12: Launching system2] INFO  o.eclipse.m2e.core.internal.Bundles - 	Entry: D:\Software\eclipse\plugins\org.eclipse.m2e.maven.runtime_3.9.900.20240824-1409\jars\maven-resolver-spi-1.9.22.jar
2025-12-05 19:15:06,513 [Worker-12: Launching system2] INFO  o.eclipse.m2e.core.internal.Bundles - 	Entry: D:\Software\eclipse\plugins\org.eclipse.m2e.maven.runtime_3.9.900.20240824-1409\jars\maven-resolver-transport-file-1.9.22.jar
2025-12-05 19:15:06,513 [Worker-12: Launching system2] INFO  o.eclipse.m2e.core.internal.Bundles - 	Entry: D:\Software\eclipse\plugins\org.eclipse.m2e.maven.runtime_3.9.900.20240824-1409\jars\maven-resolver-transport-http-1.9.22.jar
2025-12-05 19:15:06,514 [Worker-12: Launching system2] INFO  o.eclipse.m2e.core.internal.Bundles - 	Entry: D:\Software\eclipse\plugins\org.eclipse.m2e.maven.runtime_3.9.900.20240824-1409\jars\maven-resolver-transport-wagon-1.9.22.jar
2025-12-05 19:15:06,514 [Worker-12: Launching system2] INFO  o.eclipse.m2e.core.internal.Bundles - 	Entry: D:\Software\eclipse\plugins\org.eclipse.m2e.maven.runtime_3.9.900.20240824-1409\jars\maven-resolver-util-1.9.22.jar
2025-12-05 19:15:06,514 [Worker-12: Launching system2] INFO  o.eclipse.m2e.core.internal.Bundles - 	Entry: D:\Software\eclipse\plugins\org.eclipse.m2e.maven.runtime_3.9.900.20240824-1409\jars\maven-settings-3.9.9.jar
2025-12-05 19:15:06,514 [Worker-12: Launching system2] INFO  o.eclipse.m2e.core.internal.Bundles - 	Entry: D:\Software\eclipse\plugins\org.eclipse.m2e.maven.runtime_3.9.900.20240824-1409\jars\maven-settings-builder-3.9.9.jar
2025-12-05 19:15:06,514 [Worker-12: Launching system2] INFO  o.eclipse.m2e.core.internal.Bundles - 	Entry: D:\Software\eclipse\plugins\org.eclipse.m2e.maven.runtime_3.9.900.20240824-1409\jars\maven-shared-utils-3.4.2.jar
2025-12-05 19:15:06,515 [Worker-12: Launching system2] INFO  o.eclipse.m2e.core.internal.Bundles - 	Entry: D:\Software\eclipse\plugins\org.eclipse.m2e.maven.runtime_3.9.900.20240824-1409\jars\org.eclipse.sisu.inject-0.9.0.M3.jar
2025-12-05 19:15:06,515 [Worker-12: Launching system2] INFO  o.eclipse.m2e.core.internal.Bundles - 	Entry: D:\Software\eclipse\plugins\org.eclipse.m2e.maven.runtime_3.9.900.20240824-1409\jars\org.eclipse.sisu.plexus-0.9.0.M3.jar
2025-12-05 19:15:06,515 [Worker-12: Launching system2] INFO  o.eclipse.m2e.core.internal.Bundles - 	Entry: D:\Software\eclipse\plugins\org.eclipse.m2e.maven.runtime_3.9.900.20240824-1409\jars\plexus-build-api-0.0.7.jar
2025-12-05 19:15:06,515 [Worker-12: Launching system2] INFO  o.eclipse.m2e.core.internal.Bundles - 	Entry: D:\Software\eclipse\plugins\org.eclipse.m2e.maven.runtime_3.9.900.20240824-1409\jars\plexus-build-api-1.2.0.jar
2025-12-05 19:15:06,515 [Worker-12: Launching system2] INFO  o.eclipse.m2e.core.internal.Bundles - 	Entry: D:\Software\eclipse\plugins\org.eclipse.m2e.maven.runtime_3.9.900.20240824-1409\jars\plexus-cipher-2.0.jar
2025-12-05 19:15:06,515 [Worker-12: Launching system2] INFO  o.eclipse.m2e.core.internal.Bundles - 	Entry: D:\Software\eclipse\plugins\org.eclipse.m2e.maven.runtime_3.9.900.20240824-1409\jars\plexus-classworlds-2.8.0.jar
2025-12-05 19:15:06,515 [Worker-12: Launching system2] INFO  o.eclipse.m2e.core.internal.Bundles - 	Entry: D:\Software\eclipse\plugins\org.eclipse.m2e.maven.runtime_3.9.900.20240824-1409\jars\plexus-component-annotations-2.1.0.jar
2025-12-05 19:15:06,515 [Worker-12: Launching system2] INFO  o.eclipse.m2e.core.internal.Bundles - 	Entry: D:\Software\eclipse\plugins\org.eclipse.m2e.maven.runtime_3.9.900.20240824-1409\jars\plexus-interpolation-1.27.jar
2025-12-05 19:15:06,516 [Worker-12: Launching system2] INFO  o.eclipse.m2e.core.internal.Bundles - 	Entry: D:\Software\eclipse\plugins\org.eclipse.m2e.maven.runtime_3.9.900.20240824-1409\jars\plexus-sec-dispatcher-2.0.jar
2025-12-05 19:15:06,516 [Worker-12: Launching system2] INFO  o.eclipse.m2e.core.internal.Bundles - 	Entry: D:\Software\eclipse\plugins\org.eclipse.m2e.maven.runtime_3.9.900.20240824-1409\jars\plexus-utils-3.5.1.jar
2025-12-05 19:15:06,517 [Worker-12: Launching system2] INFO  o.eclipse.m2e.core.internal.Bundles - 	Entry: D:\Software\eclipse\plugins\org.eclipse.m2e.maven.runtime_3.9.900.20240824-1409\jars\plexus-xml-3.0.1.jar
2025-12-05 19:15:06,517 [Worker-12: Launching system2] INFO  o.eclipse.m2e.core.internal.Bundles - 	Entry: D:\Software\eclipse\plugins\org.eclipse.m2e.maven.runtime_3.9.900.20240824-1409\jars\wagon-file-3.5.3.jar
2025-12-05 19:15:06,517 [Worker-12: Launching system2] INFO  o.eclipse.m2e.core.internal.Bundles - 	Entry: D:\Software\eclipse\plugins\org.eclipse.m2e.maven.runtime_3.9.900.20240824-1409\jars\wagon-http-3.5.3.jar
2025-12-05 19:15:06,517 [Worker-12: Launching system2] INFO  o.eclipse.m2e.core.internal.Bundles - 	Entry: D:\Software\eclipse\plugins\org.eclipse.m2e.maven.runtime_3.9.900.20240824-1409\jars\wagon-http-shared-3.5.3.jar
2025-12-05 19:15:06,517 [Worker-12: Launching system2] INFO  o.eclipse.m2e.core.internal.Bundles - 	Entry: D:\Software\eclipse\plugins\org.eclipse.m2e.maven.runtime_3.9.900.20240824-1409\jars\wagon-provider-api-3.5.3.jar
2025-12-05 19:15:06,517 [Worker-12: Launching system2] INFO  o.eclipse.m2e.core.internal.Bundles - getClasspathEntries(Bundle=com.google.guava_33.4.8.jre [1030])
2025-12-05 19:15:06,518 [Worker-12: Launching system2] INFO  o.eclipse.m2e.core.internal.Bundles - 	Entry: D:\Software\eclipse\plugins\com.google.guava_33.4.8.jre.jar
2025-12-05 19:15:06,518 [Worker-12: Launching system2] INFO  o.eclipse.m2e.core.internal.Bundles - getClasspathEntries(Bundle=slf4j.api_2.0.17 [1145])
2025-12-05 19:15:06,519 [Worker-12: Launching system2] INFO  o.eclipse.m2e.core.internal.Bundles - 	Entry: D:\Software\eclipse\plugins\slf4j.api_2.0.17.jar
2025-12-05 19:15:06,519 [Worker-12: Launching system2] INFO  o.eclipse.m2e.core.internal.Bundles - getClasspathEntries(Bundle=javax.inject_1.0.0.v20091030 [1039])
2025-12-05 19:15:06,519 [Worker-12: Launching system2] INFO  o.eclipse.m2e.core.internal.Bundles - 	Entry: D:\Software\eclipse\plugins\javax.inject_1.0.0.v20091030.jar
2025-12-05 19:15:06,519 [Worker-12: Launching system2] INFO  o.eclipse.m2e.core.internal.Bundles - getClasspathEntries(Bundle=javax.annotation_1.3.5.v20200909-1856 [1038])
2025-12-05 19:15:06,521 [Worker-12: Launching system2] INFO  o.eclipse.m2e.core.internal.Bundles - 	Entry: D:\Software\eclipse\plugins\javax.annotation_1.3.5.v20200909-1856.jar
2025-12-05 19:15:06,521 [Worker-12: Launching system2] INFO  o.eclipse.m2e.core.internal.Bundles - getClasspathEntries(Bundle=org.apache.commons.cli_1.10.0 [1047])
2025-12-05 19:15:06,521 [Worker-12: Launching system2] INFO  o.eclipse.m2e.core.internal.Bundles - 	Entry: D:\Software\eclipse\plugins\org.apache.commons.cli_1.10.0.jar
2025-12-05 19:15:06,521 [Worker-12: Launching system2] INFO  o.eclipse.m2e.core.internal.Bundles - getClasspathEntries(Bundle=org.apache.commons.commons-codec_1.16.0 [78])
2025-12-05 19:15:06,521 [Worker-12: Launching system2] INFO  o.eclipse.m2e.core.internal.Bundles - 	Entry: D:\Software\eclipse\plugins\org.apache.commons.commons-codec_1.16.0.jar
2025-12-05 19:15:06,521 [Worker-12: Launching system2] INFO  o.eclipse.m2e.core.internal.Bundles - getClasspathEntries(Bundle=com.google.guava.failureaccess_1.0.3 [1031])
2025-12-05 19:15:06,522 [Worker-12: Launching system2] INFO  o.eclipse.m2e.core.internal.Bundles - 	Entry: D:\Software\eclipse\plugins\com.google.guava.failureaccess_1.0.3.jar
2025-12-05 19:15:06,524 [Worker-12: Launching system2] INFO  o.e.m.i.launch.MavenLaunchDelegate - Run build in "D:\PayTabs_Assignment_BANK_POC\system2":
2025-12-05 19:15:06,524 [Worker-12: Launching system2] INFO  o.e.m.i.launch.MavenLaunchDelegate -  mvn  -B -Dstyle.color=always clean install
2025-12-05 20:01:12,274 [Worker-24: Building] INFO  o.a.m.s.f.DefaultMavenResourcesFiltering - Copying 1 resource from src\main\resources to target\classes
2025-12-05 20:01:12,319 [Worker-24: Building] INFO  o.a.m.s.f.DefaultMavenResourcesFiltering - Copying 0 resource from src\main\resources to target\classes
2025-12-05 20:01:12,322 [Worker-24: Building] INFO  o.a.m.s.f.DefaultMavenResourcesFiltering - skip non existing resourceDirectory D:\PayTabs_Assignment_BANK_POC\system1\src\test\resources
2025-12-05 20:01:44,814 [Worker-31: Building] INFO  o.a.m.s.f.DefaultMavenResourcesFiltering - Copying 1 resource from src\main\resources to target\classes
2025-12-05 20:01:44,866 [Worker-31: Building] INFO  o.a.m.s.f.DefaultMavenResourcesFiltering - Copying 0 resource from src\main\resources to target\classes
2025-12-05 20:01:44,868 [Worker-31: Building] INFO  o.a.m.s.f.DefaultMavenResourcesFiltering - skip non existing resourceDirectory D:\PayTabs_Assignment_BANK_POC\system1\src\test\resources
2025-12-05 20:01:52,620 [Worker-29: Building] INFO  o.a.m.s.f.DefaultMavenResourcesFiltering - Copying 1 resource from src\main\resources to target\classes
2025-12-05 20:01:52,626 [Worker-29: Building] INFO  o.a.m.s.f.DefaultMavenResourcesFiltering - Copying 0 resource from src\main\resources to target\classes
2025-12-05 20:01:52,630 [Worker-29: Building] INFO  o.a.m.s.f.DefaultMavenResourcesFiltering - skip non existing resourceDirectory D:\PayTabs_Assignment_BANK_POC\system1\src\test\resources
2025-12-05 20:02:37,964 [Worker-11: Building] INFO  o.a.m.s.f.DefaultMavenResourcesFiltering - Copying 1 resource from src\main\resources to target\classes
2025-12-05 20:02:38,011 [Worker-11: Building] INFO  o.a.m.s.f.DefaultMavenResourcesFiltering - Copying 0 resource from src\main\resources to target\classes
2025-12-05 20:02:38,015 [Worker-11: Building] INFO  o.a.m.s.f.DefaultMavenResourcesFiltering - skip non existing resourceDirectory D:\PayTabs_Assignment_BANK_POC\system1\src\test\resources
2025-12-05 20:02:48,778 [Worker-24: Building] INFO  o.a.m.s.f.DefaultMavenResourcesFiltering - Copying 1 resource from src\main\resources to target\classes
2025-12-05 20:02:48,789 [Worker-24: Building] INFO  o.a.m.s.f.DefaultMavenResourcesFiltering - Copying 0 resource from src\main\resources to target\classes
2025-12-05 20:02:48,791 [Worker-24: Building] INFO  o.a.m.s.f.DefaultMavenResourcesFiltering - skip non existing resourceDirectory D:\PayTabs_Assignment_BANK_POC\system1\src\test\resources
2025-12-05 20:02:58,249 [Worker-31: Building] INFO  o.a.m.s.f.DefaultMavenResourcesFiltering - Copying 1 resource from src\main\resources to target\classes
2025-12-05 20:02:58,255 [Worker-31: Building] INFO  o.a.m.s.f.DefaultMavenResourcesFiltering - Copying 0 resource from src\main\resources to target\classes
2025-12-05 20:02:58,257 [Worker-31: Building] INFO  o.a.m.s.f.DefaultMavenResourcesFiltering - skip non existing resourceDirectory D:\PayTabs_Assignment_BANK_POC\system1\src\test\resources
2025-12-05 20:03:28,015 [Worker-29: Building] INFO  o.a.m.s.f.DefaultMavenResourcesFiltering - Copying 1 resource from src\main\resources to target\classes
2025-12-05 20:03:28,037 [Worker-29: Building] INFO  o.a.m.s.f.DefaultMavenResourcesFiltering - Copying 0 resource from src\main\resources to target\classes
2025-12-05 20:03:28,039 [Worker-29: Building] INFO  o.a.m.s.f.DefaultMavenResourcesFiltering - skip non existing resourceDirectory D:\PayTabs_Assignment_BANK_POC\system1\src\test\resources
2025-12-05 20:04:17,136 [Worker-11: Building] INFO  o.a.m.s.f.DefaultMavenResourcesFiltering - Copying 1 resource from src\main\resources to target\classes
2025-12-05 20:04:17,143 [Worker-11: Building] INFO  o.a.m.s.f.DefaultMavenResourcesFiltering - Copying 0 resource from src\main\resources to target\classes
2025-12-05 20:04:17,146 [Worker-11: Building] INFO  o.a.m.s.f.DefaultMavenResourcesFiltering - skip non existing resourceDirectory D:\PayTabs_Assignment_BANK_POC\system2\src\test\resources
2025-12-05 20:06:09,087 [Worker-30: Building] INFO  o.a.m.s.f.DefaultMavenResourcesFiltering - Copying 1 resource from src\main\resources to target\classes
2025-12-05 20:06:09,092 [Worker-30: Building] INFO  o.a.m.s.f.DefaultMavenResourcesFiltering - Copying 0 resource from src\main\resources to target\classes
2025-12-05 20:06:09,094 [Worker-30: Building] INFO  o.a.m.s.f.DefaultMavenResourcesFiltering - skip non existing resourceDirectory D:\PayTabs_Assignment_BANK_POC\system2\src\test\resources
2025-12-05 20:08:40,026 [Worker-29: Building] INFO  o.a.m.s.f.DefaultMavenResourcesFiltering - Copying 1 resource from src\main\resources to target\classes
2025-12-05 20:08:40,031 [Worker-29: Building] INFO  o.a.m.s.f.DefaultMavenResourcesFiltering - Copying 0 resource from src\main\resources to target\classes
2025-12-05 20:08:40,034 [Worker-29: Building] INFO  o.a.m.s.f.DefaultMavenResourcesFiltering - skip non existing resourceDirectory D:\PayTabs_Assignment_BANK_POC\system2\src\test\resources
2025-12-05 20:10:16,035 [Worker-11: Building] INFO  o.a.m.s.f.DefaultMavenResourcesFiltering - Copying 1 resource from src\main\resources to target\classes
2025-12-05 20:10:16,041 [Worker-11: Building] INFO  o.a.m.s.f.DefaultMavenResourcesFiltering - Copying 0 resource from src\main\resources to target\classes
2025-12-05 20:10:16,042 [Worker-11: Building] INFO  o.a.m.s.f.DefaultMavenResourcesFiltering - skip non existing resourceDirectory D:\PayTabs_Assignment_BANK_POC\system2\src\test\resources
2025-12-05 20:12:21,549 [Worker-33: Building] INFO  o.a.m.s.f.DefaultMavenResourcesFiltering - Copying 0 resource from src\main\resources to target\classes
2025-12-05 20:12:21,549 [Worker-33: Building] INFO  o.a.m.s.f.DefaultMavenResourcesFiltering - Copying 0 resource from src\main\resources to target\classes
2025-12-05 20:12:21,551 [Worker-33: Building] INFO  o.a.m.s.f.DefaultMavenResourcesFiltering - skip non existing resourceDirectory D:\PayTabs_Assignment_BANK_POC\system2\src\test\resources
2025-12-05 20:31:04,814 [Worker-24: Building] INFO  o.a.m.s.f.DefaultMavenResourcesFiltering - Copying 1 resource from src\main\resources to target\classes
2025-12-05 20:31:05,141 [Worker-24: Building] INFO  o.a.m.s.f.DefaultMavenResourcesFiltering - Copying 0 resource from src\main\resources to target\classes
2025-12-05 20:31:05,156 [Worker-24: Building] INFO  o.a.m.s.f.DefaultMavenResourcesFiltering - skip non existing resourceDirectory D:\PayTabs_Assignment_BANK_POC\system2\src\test\resources
2025-12-05 20:31:11,859 [Worker-32: Building] INFO  o.a.m.s.f.DefaultMavenResourcesFiltering - Copying 1 resource from src\main\resources to target\classes
2025-12-05 20:31:12,007 [Worker-32: Building] INFO  o.a.m.s.f.DefaultMavenResourcesFiltering - Copying 0 resource from src\main\resources to target\classes
2025-12-05 20:31:12,013 [Worker-32: Building] INFO  o.a.m.s.f.DefaultMavenResourcesFiltering - skip non existing resourceDirectory D:\PayTabs_Assignment_BANK_POC\system2\src\test\resources
2025-12-05 20:31:20,913 [Worker-25: Building] INFO  o.a.m.s.f.DefaultMavenResourcesFiltering - Copying 1 resource from src\main\resources to target\classes
2025-12-05 20:31:21,071 [Worker-25: Building] INFO  o.a.m.s.f.DefaultMavenResourcesFiltering - Copying 0 resource from src\main\resources to target\classes
2025-12-05 20:31:21,079 [Worker-25: Building] INFO  o.a.m.s.f.DefaultMavenResourcesFiltering - skip non existing resourceDirectory D:\PayTabs_Assignment_BANK_POC\system2\src\test\resources
2025-12-05 20:31:37,495 [Worker-33: Building] INFO  o.a.m.s.f.DefaultMavenResourcesFiltering - Copying 1 resource from src\main\resources to target\classes
2025-12-05 20:31:37,524 [Worker-33: Building] INFO  o.a.m.s.f.DefaultMavenResourcesFiltering - Copying 0 resource from src\main\resources to target\classes
2025-12-05 20:31:37,537 [Worker-33: Building] INFO  o.a.m.s.f.DefaultMavenResourcesFiltering - skip non existing resourceDirectory D:\PayTabs_Assignment_BANK_POC\system2\src\test\resources
